22:04:01: Creating resource group General
22:04:01: Creating resource group Internal
22:04:01: Creating resource group Autodetect
22:04:01: SceneManagerFactory for type 'DefaultSceneManager' registered.
22:04:01: Registering ResourceManager for type Material
22:04:01: Registering ResourceManager for type Mesh
22:04:01: Registering ResourceManager for type Skeleton
22:04:01: MovableObjectFactory for type 'ParticleSystem' registered.
22:04:01: ArchiveFactory for archive type FileSystem registered.
22:04:01: ArchiveFactory for archive type Zip registered.
22:04:01: ArchiveFactory for archive type EmbeddedZip registered.
22:04:01: DDS codec registering
22:04:01: stb_image - v2.15 - public domain JPEG/PNG reader
22:04:01: Supported formats: jpeg,jpg,png,bmp,psd,tga,gif,pic,ppm,pgm,hdr
22:04:01: Registering ResourceManager for type HighLevelGpuProgram
22:04:01: Registering ResourceManager for type Compositor
22:04:01: MovableObjectFactory for type 'Entity' registered.
22:04:01: MovableObjectFactory for type 'Light' registered.
22:04:01: MovableObjectFactory for type 'BillboardSet' registered.
22:04:01: MovableObjectFactory for type 'ManualObject' registered.
22:04:01: MovableObjectFactory for type 'BillboardChain' registered.
22:04:01: MovableObjectFactory for type 'RibbonTrail' registered.
22:04:01: FileNotFoundException: 'plugins.cfg' file not found! in ConfigFile::load at /home/kenny/lib/sinbad-ogre-e3f9185ed3d1/OgreMain/src/OgreConfigFile.cpp (line 74)
22:04:01: plugins.cfg not found, automatic plugin loading disabled.
22:04:01: *-*-* OGRE Initialising
22:04:01: *-*-* Version 1.10.9 (Xalafu)
22:04:01: FileNotFoundException: 'resources.cfg' file not found! in ConfigFile::load at /home/kenny/lib/sinbad-ogre-e3f9185ed3d1/OgreMain/src/OgreConfigFile.cpp (line 74)
22:04:01: *-*-* OGRE Shutdown
22:04:01: Unregistering ResourceManager for type Compositor
22:04:01: Unregistering ResourceManager for type Skeleton
22:04:01: Unregistering ResourceManager for type Mesh
22:04:01: Unregistering ResourceManager for type HighLevelGpuProgram
22:04:01: Unregistering ResourceManager for type Material
